C:\USERS\알고리즘\DOCUMENTS\VISUAL STUDIO 2010\PROJECTS\LAND_MARK\DEBUG\LAND_MARK.EXE
C:\Users\알고리즘\Documents\Visual Studio 2010\Projects\Land_Mark\Debug\Land_Mark.exp
C:\USERS\알고리즘\DOCUMENTS\VISUAL STUDIO 2010\PROJECTS\LAND_MARK\DEBUG\LAND_MARK.ILK
C:\Users\알고리즘\Documents\Visual Studio 2010\Projects\Land_Mark\Debug\Land_Mark.lib
C:\USERS\알고리즘\DOCUMENTS\VISUAL STUDIO 2010\PROJECTS\LAND_MARK\DEBUG\LAND_MARK.PDB
C:\USERS\알고리즘\DOCUMENTS\VISUAL STUDIO 2010\PROJECTS\LAND_MARK\LAND_MARK\DEBUG\CFRUSTUM.OBJ
C:\USERS\알고리즘\DOCUMENTS\VISUAL STUDIO 2010\PROJECTS\LAND_MARK\LAND_MARK\DEBUG\CGEOMAPDATA.OBJ
C:\Users\알고리즘\Documents\Visual Studio 2010\Projects\Land_Mark\Land_Mark\Debug\cl.command.1.tlog
C:\Users\알고리즘\Documents\Visual Studio 2010\Projects\Land_Mark\Land_Mark\Debug\CL.read.1.tlog
C:\Users\알고리즘\Documents\Visual Studio 2010\Projects\Land_Mark\Land_Mark\Debug\CL.write.1.tlog
C:\USERS\알고리즘\DOCUMENTS\VISUAL STUDIO 2010\PROJECTS\LAND_MARK\LAND_MARK\DEBUG\CMIPMAP.OBJ
C:\USERS\알고리즘\DOCUMENTS\VISUAL STUDIO 2010\PROJECTS\LAND_MARK\LAND_MARK\DEBUG\CSINGLELEVELMAP.OBJ
C:\USERS\알고리즘\DOCUMENTS\VISUAL STUDIO 2010\PROJECTS\LAND_MARK\LAND_MARK\DEBUG\LAND_MARK.EXE.EMBED.MANIFEST
C:\USERS\알고리즘\DOCUMENTS\VISUAL STUDIO 2010\PROJECTS\LAND_MARK\LAND_MARK\DEBUG\LAND_MARK.EXE.EMBED.MANIFEST.RES
C:\USERS\알고리즘\DOCUMENTS\VISUAL STUDIO 2010\PROJECTS\LAND_MARK\LAND_MARK\DEBUG\LAND_MARK.EXE.INTERMEDIATE.MANIFEST
C:\Users\알고리즘\Documents\Visual Studio 2010\Projects\Land_Mark\Land_Mark\Debug\Land_Mark.vcxprojResolveAssemblyReference.cache
C:\Users\알고리즘\Documents\Visual Studio 2010\Projects\Land_Mark\Land_Mark\Debug\Land_Mark.write.1.tlog
C:\Users\알고리즘\Documents\Visual Studio 2010\Projects\Land_Mark\Land_Mark\Debug\Land_Mark_manifest.rc
C:\Users\알고리즘\Documents\Visual Studio 2010\Projects\Land_Mark\Land_Mark\Debug\link.10040.read.1.tlog
C:\Users\알고리즘\Documents\Visual Studio 2010\Projects\Land_Mark\Land_Mark\Debug\link.10040.write.1.tlog
C:\Users\알고리즘\Documents\Visual Studio 2010\Projects\Land_Mark\Land_Mark\Debug\link.10040-cvtres.read.1.tlog
C:\Users\알고리즘\Documents\Visual Studio 2010\Projects\Land_Mark\Land_Mark\Debug\link.10040-cvtres.write.1.tlog
C:\Users\알고리즘\Documents\Visual Studio 2010\Projects\Land_Mark\Land_Mark\Debug\link.10724.read.1.tlog
C:\Users\알고리즘\Documents\Visual Studio 2010\Projects\Land_Mark\Land_Mark\Debug\link.10724.write.1.tlog
C:\Users\알고리즘\Documents\Visual Studio 2010\Projects\Land_Mark\Land_Mark\Debug\link.10724-cvtres.read.1.tlog
C:\Users\알고리즘\Documents\Visual Studio 2010\Projects\Land_Mark\Land_Mark\Debug\link.10724-cvtres.write.1.tlog
C:\Users\알고리즘\Documents\Visual Studio 2010\Projects\Land_Mark\Land_Mark\Debug\link.12060.read.1.tlog
C:\Users\알고리즘\Documents\Visual Studio 2010\Projects\Land_Mark\Land_Mark\Debug\link.12060.write.1.tlog
C:\Users\알고리즘\Documents\Visual Studio 2010\Projects\Land_Mark\Land_Mark\Debug\link.12060-cvtres.read.1.tlog
C:\Users\알고리즘\Documents\Visual Studio 2010\Projects\Land_Mark\Land_Mark\Debug\link.12060-cvtres.write.1.tlog
C:\Users\알고리즘\Documents\Visual Studio 2010\Projects\Land_Mark\Land_Mark\Debug\link.2992.read.1.tlog
C:\Users\알고리즘\Documents\Visual Studio 2010\Projects\Land_Mark\Land_Mark\Debug\link.2992.write.1.tlog
C:\Users\알고리즘\Documents\Visual Studio 2010\Projects\Land_Mark\Land_Mark\Debug\link.2992-cvtres.read.1.tlog
C:\Users\알고리즘\Documents\Visual Studio 2010\Projects\Land_Mark\Land_Mark\Debug\link.2992-cvtres.write.1.tlog
C:\Users\알고리즘\Documents\Visual Studio 2010\Projects\Land_Mark\Land_Mark\Debug\link.3928.read.1.tlog
C:\Users\알고리즘\Documents\Visual Studio 2010\Projects\Land_Mark\Land_Mark\Debug\link.3928.write.1.tlog
C:\Users\알고리즘\Documents\Visual Studio 2010\Projects\Land_Mark\Land_Mark\Debug\link.3928-cvtres.read.1.tlog
C:\Users\알고리즘\Documents\Visual Studio 2010\Projects\Land_Mark\Land_Mark\Debug\link.3928-cvtres.write.1.tlog
C:\Users\알고리즘\Documents\Visual Studio 2010\Projects\Land_Mark\Land_Mark\Debug\link.4436.read.1.tlog
C:\Users\알고리즘\Documents\Visual Studio 2010\Projects\Land_Mark\Land_Mark\Debug\link.4436.write.1.tlog
C:\Users\알고리즘\Documents\Visual Studio 2010\Projects\Land_Mark\Land_Mark\Debug\link.4436-cvtres.read.1.tlog
C:\Users\알고리즘\Documents\Visual Studio 2010\Projects\Land_Mark\Land_Mark\Debug\link.4436-cvtres.write.1.tlog
C:\Users\알고리즘\Documents\Visual Studio 2010\Projects\Land_Mark\Land_Mark\Debug\link.4484.read.1.tlog
C:\Users\알고리즘\Documents\Visual Studio 2010\Projects\Land_Mark\Land_Mark\Debug\link.4484.write.1.tlog
C:\Users\알고리즘\Documents\Visual Studio 2010\Projects\Land_Mark\Land_Mark\Debug\link.4484-cvtres.read.1.tlog
C:\Users\알고리즘\Documents\Visual Studio 2010\Projects\Land_Mark\Land_Mark\Debug\link.4484-cvtres.write.1.tlog
C:\Users\알고리즘\Documents\Visual Studio 2010\Projects\Land_Mark\Land_Mark\Debug\link.4816.read.1.tlog
C:\Users\알고리즘\Documents\Visual Studio 2010\Projects\Land_Mark\Land_Mark\Debug\link.4816.write.1.tlog
C:\Users\알고리즘\Documents\Visual Studio 2010\Projects\Land_Mark\Land_Mark\Debug\link.4816-cvtres.read.1.tlog
C:\Users\알고리즘\Documents\Visual Studio 2010\Projects\Land_Mark\Land_Mark\Debug\link.4816-cvtres.write.1.tlog
C:\Users\알고리즘\Documents\Visual Studio 2010\Projects\Land_Mark\Land_Mark\Debug\link.5448.read.1.tlog
C:\Users\알고리즘\Documents\Visual Studio 2010\Projects\Land_Mark\Land_Mark\Debug\link.5448.write.1.tlog
C:\Users\알고리즘\Documents\Visual Studio 2010\Projects\Land_Mark\Land_Mark\Debug\link.5448-cvtres.read.1.tlog
C:\Users\알고리즘\Documents\Visual Studio 2010\Projects\Land_Mark\Land_Mark\Debug\link.5448-cvtres.write.1.tlog
C:\Users\알고리즘\Documents\Visual Studio 2010\Projects\Land_Mark\Land_Mark\Debug\link.5544.read.1.tlog
C:\Users\알고리즘\Documents\Visual Studio 2010\Projects\Land_Mark\Land_Mark\Debug\link.5544.write.1.tlog
C:\Users\알고리즘\Documents\Visual Studio 2010\Projects\Land_Mark\Land_Mark\Debug\link.5544-cvtres.read.1.tlog
C:\Users\알고리즘\Documents\Visual Studio 2010\Projects\Land_Mark\Land_Mark\Debug\link.5544-cvtres.write.1.tlog
C:\Users\알고리즘\Documents\Visual Studio 2010\Projects\Land_Mark\Land_Mark\Debug\link.7140.read.1.tlog
C:\Users\알고리즘\Documents\Visual Studio 2010\Projects\Land_Mark\Land_Mark\Debug\link.7140.write.1.tlog
C:\Users\알고리즘\Documents\Visual Studio 2010\Projects\Land_Mark\Land_Mark\Debug\link.7140-cvtres.read.1.tlog
C:\Users\알고리즘\Documents\Visual Studio 2010\Projects\Land_Mark\Land_Mark\Debug\link.7140-cvtres.write.1.tlog
C:\Users\알고리즘\Documents\Visual Studio 2010\Projects\Land_Mark\Land_Mark\Debug\link.7624.read.1.tlog
C:\Users\알고리즘\Documents\Visual Studio 2010\Projects\Land_Mark\Land_Mark\Debug\link.7624.write.1.tlog
C:\Users\알고리즘\Documents\Visual Studio 2010\Projects\Land_Mark\Land_Mark\Debug\link.7624-cvtres.read.1.tlog
C:\Users\알고리즘\Documents\Visual Studio 2010\Projects\Land_Mark\Land_Mark\Debug\link.7624-cvtres.write.1.tlog
C:\Users\알고리즘\Documents\Visual Studio 2010\Projects\Land_Mark\Land_Mark\Debug\link.8588.read.1.tlog
C:\Users\알고리즘\Documents\Visual Studio 2010\Projects\Land_Mark\Land_Mark\Debug\link.8588.write.1.tlog
C:\Users\알고리즘\Documents\Visual Studio 2010\Projects\Land_Mark\Land_Mark\Debug\link.8588-cvtres.read.1.tlog
C:\Users\알고리즘\Documents\Visual Studio 2010\Projects\Land_Mark\Land_Mark\Debug\link.8588-cvtres.write.1.tlog
C:\Users\알고리즘\Documents\Visual Studio 2010\Projects\Land_Mark\Land_Mark\Debug\link.8616.read.1.tlog
C:\Users\알고리즘\Documents\Visual Studio 2010\Projects\Land_Mark\Land_Mark\Debug\link.8616.write.1.tlog
C:\Users\알고리즘\Documents\Visual Studio 2010\Projects\Land_Mark\Land_Mark\Debug\link.8616-cvtres.read.1.tlog
C:\Users\알고리즘\Documents\Visual Studio 2010\Projects\Land_Mark\Land_Mark\Debug\link.8616-cvtres.write.1.tlog
C:\Users\알고리즘\Documents\Visual Studio 2010\Projects\Land_Mark\Land_Mark\Debug\link.8800.read.1.tlog
C:\Users\알고리즘\Documents\Visual Studio 2010\Projects\Land_Mark\Land_Mark\Debug\link.8800.write.1.tlog
C:\Users\알고리즘\Documents\Visual Studio 2010\Projects\Land_Mark\Land_Mark\Debug\link.8800-cvtres.read.1.tlog
C:\Users\알고리즘\Documents\Visual Studio 2010\Projects\Land_Mark\Land_Mark\Debug\link.8800-cvtres.write.1.tlog
C:\Users\알고리즘\Documents\Visual Studio 2010\Projects\Land_Mark\Land_Mark\Debug\link.9048.read.1.tlog
C:\Users\알고리즘\Documents\Visual Studio 2010\Projects\Land_Mark\Land_Mark\Debug\link.9048.write.1.tlog
C:\Users\알고리즘\Documents\Visual Studio 2010\Projects\Land_Mark\Land_Mark\Debug\link.9048-cvtres.read.1.tlog
C:\Users\알고리즘\Documents\Visual Studio 2010\Projects\Land_Mark\Land_Mark\Debug\link.9048-cvtres.write.1.tlog
C:\Users\알고리즘\Documents\Visual Studio 2010\Projects\Land_Mark\Land_Mark\Debug\link.command.1.tlog
C:\Users\알고리즘\Documents\Visual Studio 2010\Projects\Land_Mark\Land_Mark\Debug\link.read.1.tlog
C:\Users\알고리즘\Documents\Visual Studio 2010\Projects\Land_Mark\Land_Mark\Debug\link.write.1.tlog
C:\Users\알고리즘\Documents\Visual Studio 2010\Projects\Land_Mark\Land_Mark\Debug\link-cvtres.read.1.tlog
C:\Users\알고리즘\Documents\Visual Studio 2010\Projects\Land_Mark\Land_Mark\Debug\link-cvtres.write.1.tlog
C:\USERS\알고리즘\DOCUMENTS\VISUAL STUDIO 2010\PROJECTS\LAND_MARK\LAND_MARK\DEBUG\MAIN.OBJ
C:\Users\알고리즘\Documents\Visual Studio 2010\Projects\Land_Mark\Land_Mark\Debug\mt.command.1.tlog
C:\Users\알고리즘\Documents\Visual Studio 2010\Projects\Land_Mark\Land_Mark\Debug\mt.read.1.tlog
C:\Users\알고리즘\Documents\Visual Studio 2010\Projects\Land_Mark\Land_Mark\Debug\mt.write.1.tlog
C:\Users\알고리즘\Documents\Visual Studio 2010\Projects\Land_Mark\Land_Mark\Debug\rc.command.1.tlog
C:\Users\알고리즘\Documents\Visual Studio 2010\Projects\Land_Mark\Land_Mark\Debug\rc.read.1.tlog
C:\Users\알고리즘\Documents\Visual Studio 2010\Projects\Land_Mark\Land_Mark\Debug\rc.write.1.tlog
C:\Users\알고리즘\Documents\Visual Studio 2010\Projects\Land_Mark\Land_Mark\Debug\vc100.idb
C:\USERS\알고리즘\DOCUMENTS\VISUAL STUDIO 2010\PROJECTS\LAND_MARK\LAND_MARK\DEBUG\VC100.PDB
C:\USERS\알고리즘\DOCUMENTS\VISUAL STUDIO 2010\PROJECTS\LAND_MARK\LAND_MARK\DEBUG\ZQUADTREE.OBJ
