빌드 시작: 2014-05-26 오후 12:20:56
     1>2 노드의 "C:\Users\알고리즘\Documents\Visual Studio 2010\Projects\Land_Mark\Land_Mark\Land_Mark.vcxproj" 프로젝트(build 대상)입니다.
     1>InitializeBuildStatus:
         "AlwaysCreate"이(가) 지정되었기 때문에 "Debug\Land_Mark.unsuccessfulbuild"을(를) 만들고 있습니다.
       ClCompile:
         C:\Program Files (x86)\Microsoft Visual Studio 10.0\VC\bin\CL.exe /c /ID:\Library\freeglut\include /I"D:\Library\gdal-1.10.1\include" /ZI /nologo /W3 /WX- /Od /Oy- /D WIN32 /D _DEBUG /D _CONSOLE /D _UNICODE /D UNICODE /Gm /EHsc /RTC1 /MDd /GS /fp:precise /Zc:wchar_t /Zc:forScope /Fo"Debug\\" /Fd"Debug\vc100.pdb" /Gd /TP /analyze- /errorReport:prompt CMipMap.cpp
         CMipMap.cpp
     1>d:\library\gdal-1.10.1\include\cpl_string.h(225): warning C4251: 'std::_String_val<_Elem,_Alloc>::_Alval' : class 'std::allocator<_Ty>'에서는 class 'std::_String_val<_Elem,_Alloc>'의 클라이언트에서 DLL 인터페이스를 사용하도록 지정해야 합니다.
                 with
                 [
                     _Elem=char,
                     _Alloc=std::allocator<char>
                 ]
                 and
                 [
                     _Ty=char
                 ]
                 and
                 [
                     _Elem=char,
                     _Alloc=std::allocator<char>
                 ]
     1>d:\library\gdal-1.10.1\include\gdal_priv.h(436): warning C4251: 'GDALColorTable::aoEntries' : class 'std::vector<_Ty>'에서는 class 'GDALColorTable'의 클라이언트에서 DLL 인터페이스를 사용하도록 지정해야 합니다.
                 with
                 [
                     _Ty=GDALColorEntry
                 ]
     1>c:\users\알고리즘\documents\visual studio 2010\projects\land_mark\land_mark\cmipmap.cpp(85): warning C4244: '인수' : 'double'에서 'GLfloat'(으)로 변환하면서 데이터가 손실될 수 있습니다.
     1>c:\users\알고리즘\documents\visual studio 2010\projects\land_mark\land_mark\cmipmap.cpp(85): warning C4244: '인수' : 'int'에서 'GLfloat'(으)로 변환하면서 데이터가 손실될 수 있습니다.
     1>c:\users\알고리즘\documents\visual studio 2010\projects\land_mark\land_mark\cmipmap.cpp(85): warning C4244: '인수' : 'int'에서 'GLfloat'(으)로 변환하면서 데이터가 손실될 수 있습니다.
     1>c:\users\알고리즘\documents\visual studio 2010\projects\land_mark\land_mark\cmipmap.cpp(90): warning C4244: '인수' : 'double'에서 'GLfloat'(으)로 변환하면서 데이터가 손실될 수 있습니다.
     1>c:\users\알고리즘\documents\visual studio 2010\projects\land_mark\land_mark\cmipmap.cpp(90): warning C4244: '인수' : 'int'에서 'GLfloat'(으)로 변환하면서 데이터가 손실될 수 있습니다.
     1>c:\users\알고리즘\documents\visual studio 2010\projects\land_mark\land_mark\cmipmap.cpp(90): warning C4244: '인수' : 'int'에서 'GLfloat'(으)로 변환하면서 데이터가 손실될 수 있습니다.
     1>c:\users\알고리즘\documents\visual studio 2010\projects\land_mark\land_mark\cmipmap.cpp(95): warning C4244: '인수' : 'double'에서 'GLfloat'(으)로 변환하면서 데이터가 손실될 수 있습니다.
     1>c:\users\알고리즘\documents\visual studio 2010\projects\land_mark\land_mark\cmipmap.cpp(95): warning C4244: '인수' : 'int'에서 'GLfloat'(으)로 변환하면서 데이터가 손실될 수 있습니다.
     1>c:\users\알고리즘\documents\visual studio 2010\projects\land_mark\land_mark\cmipmap.cpp(95): warning C4244: '인수' : 'int'에서 'GLfloat'(으)로 변환하면서 데이터가 손실될 수 있습니다.
       ManifestResourceCompile:
         모든 출력이 최신 상태입니다.
       Link:
         C:\Program Files (x86)\Microsoft Visual Studio 10.0\VC\bin\link.exe /ERRORREPORT:PROMPT /OUT:"C:\Users\알고리즘\Documents\Visual Studio 2010\Projects\Land_Mark\Debug\Land_Mark.exe" /INCREMENTAL /NOLOGO gdal_i.lib freeglut.lib kernel32.lib user32.lib gdi32.lib winspool.lib comdlg32.lib advapi32.lib shell32.lib ole32.lib oleaut32.lib uuid.lib odbc32.lib odbccp32.lib kernel32.lib user32.lib gdi32.lib winspool.lib comdlg32.lib advapi32.lib shell32.lib ole32.lib oleaut32.lib uuid.lib odbc32.lib odbccp32.lib /MANIFEST /ManifestFile:"Debug\Land_Mark.exe.intermediate.manifest" /MANIFESTUAC:"level='asInvoker' uiAccess='false'" /DEBUG /PDB:"C:\Users\알고리즘\Documents\Visual Studio 2010\Projects\Land_Mark\Debug\Land_Mark.pdb" /SUBSYSTEM:CONSOLE /TLBID:1 /DYNAMICBASE /NXCOMPAT /IMPLIB:"C:\Users\알고리즘\Documents\Visual Studio 2010\Projects\Land_Mark\Debug\Land_Mark.lib" /MACHINE:X86 Debug\Land_Mark.exe.embed.manifest.res
         Debug\CFrustum.obj
         Debug\CGeoMapData.obj
         Debug\CMipMap.obj
         Debug\CSingleLevelMap.obj
         Debug\main.obj
         Debug\ZquadTree.obj
       Manifest:
         c:\Program Files (x86)\Microsoft SDKs\Windows\v7.0A\bin\mt.exe /nologo /verbose /out:"Debug\Land_Mark.exe.embed.manifest" /manifest Debug\Land_Mark.exe.intermediate.manifest
         모든 출력이 최신 상태입니다.
       LinkEmbedManifest:
         모든 출력이 최신 상태입니다.
         Land_Mark.vcxproj -> C:\Users\알고리즘\Documents\Visual Studio 2010\Projects\Land_Mark\Debug\Land_Mark.exe
       FinalizeBuildStatus:
         "Debug\Land_Mark.unsuccessfulbuild" 파일을 삭제하고 있습니다.
         "Debug\Land_Mark.lastbuildstate"에 연결(touching)하고 있습니다.
     1>"C:\Users\알고리즘\Documents\Visual Studio 2010\Projects\Land_Mark\Land_Mark\Land_Mark.vcxproj" 프로젝트를 빌드했습니다(build 대상).

빌드했습니다.

경과 시간: 00:00:01.15
